{
  "uid" : "f5136bcb126a60ab",
  "name" : "Change profile name",
  "fullName" : "tests.feature_profile_test.TestProfileFeature#test_change_profile_name",
  "historyId" : "42b4a115007c35c622675a0baedb491a",
  "time" : {
    "start" : 1713047973277,
    "stop" : 1713048005609,
    "duration" : 32332
  },
  "status" : "failed",
  "statusMessage" : "Failed",
  "statusTrace" : "self = <pages.personal_page.PersonalPage object at 0x7ff964139d60>\n\n    @allure.step(\"Changes has been saved successfully\")\n    def is_changes_saved(self):\n        self.wait.until(EC.visibility_of_element_located(self.SPINNER))\n        self.wait.until(EC.visibility_of_element_located(self.SavePopupMessage))\n        self.wait.until(EC.invisibility_of_element_located(self.SPINNER))\n        self.wait.until(EC.invisibility_of_element_located(self.SavePopupMessage))\n        self.wait.until(EC.visibility_of_element_located(self.FIRST_NAME_FIELD))\n        try:\n>           self.wait.until(EC.text_to_be_present_in_element_value(self.FIRST_NAME_FIELD, self.name))\n\npages/personal_page.py:37: \n_ _ _ _ _ _ _ _ _ _ _ _ _ _ _ _ _ _ _ _ _ _ _ _ _ _ _ _ _ _ _ _ _ _ _ _ _ _ _ _ \n\nself = <selenium.webdriver.support.wait.WebDriverWait (session=\"5371d551f6072f352c424d17c2bd46e3\")>\nmethod = <function text_to_be_present_in_element_value.<locals>._predicate at 0x7ff9641674c0>\nmessage = ''\n\n    def until(self, method, message: str = \"\"):\n        \"\"\"Calls the method provided with the driver as an argument until the \\\n        return value does not evaluate to ``False``.\n    \n        :param method: callable(WebDriver)\n        :param message: optional message for :exc:`TimeoutException`\n        :returns: the result of the last call to `method`\n        :raises: :exc:`selenium.common.exceptions.TimeoutException` if timeout occurs\n        \"\"\"\n        screen = None\n        stacktrace = None\n    \n        end_time = time.monotonic() + self._timeout\n        while True:\n            try:\n                value = method(self._driver)\n                if value:\n                    return value\n            except self._ignored_exceptions as exc:\n                screen = getattr(exc, \"screen\", None)\n                stacktrace = getattr(exc, \"stacktrace\", None)\n            time.sleep(self._poll)\n            if time.monotonic() > end_time:\n                break\n>       raise TimeoutException(message, screen, stacktrace)\nE       selenium.common.exceptions.TimeoutException: Message:\n\n../local/lib/python3.12/site-packages/selenium/webdriver/support/wait.py:95: TimeoutException\n\nDuring handling of the above exception, another exception occurred:\n\nself = <feature_profile_test.TestProfileFeature object at 0x7ff96413a840>\n\n    @allure.title(\"Change profile name\")\n    @allure.severity(\"Critical\")\n    @pytest.mark.smoke\n    def test_change_profile_name(self):\n        self.login_page.open()\n        self.login_page.enter_login(self.data.LOGIN)\n        self.login_page.enter_password(self.data.PASSWORD)\n        self.login_page.click_submit_button()\n        self.dashboard_page.is_opened()\n        self.dashboard_page.click_my_info_link()\n        self.personal_page.is_opened()\n        self.personal_page.change_name(f\"First{random.randrange(1, 99)}Name\")\n        self.personal_page.save_changes()\n>       self.personal_page.is_changes_saved()\n\ntests/feature_profile_test.py:23: \n_ _ _ _ _ _ _ _ _ _ _ _ _ _ _ _ _ _ _ _ _ _ _ _ _ _ _ _ _ _ _ _ _ _ _ _ _ _ _ _ \n\nself = <pages.personal_page.PersonalPage object at 0x7ff964139d60>\n\n    @allure.step(\"Changes has been saved successfully\")\n    def is_changes_saved(self):\n        self.wait.until(EC.visibility_of_element_located(self.SPINNER))\n        self.wait.until(EC.visibility_of_element_located(self.SavePopupMessage))\n        self.wait.until(EC.invisibility_of_element_located(self.SPINNER))\n        self.wait.until(EC.invisibility_of_element_located(self.SavePopupMessage))\n        self.wait.until(EC.visibility_of_element_located(self.FIRST_NAME_FIELD))\n        try:\n            self.wait.until(EC.text_to_be_present_in_element_value(self.FIRST_NAME_FIELD, self.name))\n        except:\n            self.make_screenshot(f\"Expected name is {self.name}\")\n>           pytest.fail()\nE           Failed\n\npages/personal_page.py:40: Failed",
  "flaky" : false,
  "newFailed" : false,
  "beforeStages" : [ {
    "name" : "setup",
    "time" : {
      "start" : 1713047973276,
      "stop" : 1713047973277,
      "duration" : 1
    },
    "status" : "passed",
    "steps" : [ ],
    "attachments" : [ ],
    "parameters" : [ ],
    "attachmentsCount" : 0,
    "shouldDisplayMessage" : false,
    "stepsCount" : 0,
    "hasContent" : false
  }, {
    "name" : "driver",
    "time" : {
      "start" : 1713047972524,
      "stop" : 1713047973276,
      "duration" : 752
    },
    "status" : "passed",
    "steps" : [ ],
    "attachments" : [ ],
    "parameters" : [ ],
    "attachmentsCount" : 0,
    "shouldDisplayMessage" : false,
    "stepsCount" : 0,
    "hasContent" : false
  } ],
  "testStage" : {
    "status" : "failed",
    "statusMessage" : "Failed",
    "statusTrace" : "self = <pages.personal_page.PersonalPage object at 0x7ff964139d60>\n\n    @allure.step(\"Changes has been saved successfully\")\n    def is_changes_saved(self):\n        self.wait.until(EC.visibility_of_element_located(self.SPINNER))\n        self.wait.until(EC.visibility_of_element_located(self.SavePopupMessage))\n        self.wait.until(EC.invisibility_of_element_located(self.SPINNER))\n        self.wait.until(EC.invisibility_of_element_located(self.SavePopupMessage))\n        self.wait.until(EC.visibility_of_element_located(self.FIRST_NAME_FIELD))\n        try:\n>           self.wait.until(EC.text_to_be_present_in_element_value(self.FIRST_NAME_FIELD, self.name))\n\npages/personal_page.py:37: \n_ _ _ _ _ _ _ _ _ _ _ _ _ _ _ _ _ _ _ _ _ _ _ _ _ _ _ _ _ _ _ _ _ _ _ _ _ _ _ _ \n\nself = <selenium.webdriver.support.wait.WebDriverWait (session=\"5371d551f6072f352c424d17c2bd46e3\")>\nmethod = <function text_to_be_present_in_element_value.<locals>._predicate at 0x7ff9641674c0>\nmessage = ''\n\n    def until(self, method, message: str = \"\"):\n        \"\"\"Calls the method provided with the driver as an argument until the \\\n        return value does not evaluate to ``False``.\n    \n        :param method: callable(WebDriver)\n        :param message: optional message for :exc:`TimeoutException`\n        :returns: the result of the last call to `method`\n        :raises: :exc:`selenium.common.exceptions.TimeoutException` if timeout occurs\n        \"\"\"\n        screen = None\n        stacktrace = None\n    \n        end_time = time.monotonic() + self._timeout\n        while True:\n            try:\n                value = method(self._driver)\n                if value:\n                    return value\n            except self._ignored_exceptions as exc:\n                screen = getattr(exc, \"screen\", None)\n                stacktrace = getattr(exc, \"stacktrace\", None)\n            time.sleep(self._poll)\n            if time.monotonic() > end_time:\n                break\n>       raise TimeoutException(message, screen, stacktrace)\nE       selenium.common.exceptions.TimeoutException: Message:\n\n../local/lib/python3.12/site-packages/selenium/webdriver/support/wait.py:95: TimeoutException\n\nDuring handling of the above exception, another exception occurred:\n\nself = <feature_profile_test.TestProfileFeature object at 0x7ff96413a840>\n\n    @allure.title(\"Change profile name\")\n    @allure.severity(\"Critical\")\n    @pytest.mark.smoke\n    def test_change_profile_name(self):\n        self.login_page.open()\n        self.login_page.enter_login(self.data.LOGIN)\n        self.login_page.enter_password(self.data.PASSWORD)\n        self.login_page.click_submit_button()\n        self.dashboard_page.is_opened()\n        self.dashboard_page.click_my_info_link()\n        self.personal_page.is_opened()\n        self.personal_page.change_name(f\"First{random.randrange(1, 99)}Name\")\n        self.personal_page.save_changes()\n>       self.personal_page.is_changes_saved()\n\ntests/feature_profile_test.py:23: \n_ _ _ _ _ _ _ _ _ _ _ _ _ _ _ _ _ _ _ _ _ _ _ _ _ _ _ _ _ _ _ _ _ _ _ _ _ _ _ _ \n\nself = <pages.personal_page.PersonalPage object at 0x7ff964139d60>\n\n    @allure.step(\"Changes has been saved successfully\")\n    def is_changes_saved(self):\n        self.wait.until(EC.visibility_of_element_located(self.SPINNER))\n        self.wait.until(EC.visibility_of_element_located(self.SavePopupMessage))\n        self.wait.until(EC.invisibility_of_element_located(self.SPINNER))\n        self.wait.until(EC.invisibility_of_element_located(self.SavePopupMessage))\n        self.wait.until(EC.visibility_of_element_located(self.FIRST_NAME_FIELD))\n        try:\n            self.wait.until(EC.text_to_be_present_in_element_value(self.FIRST_NAME_FIELD, self.name))\n        except:\n            self.make_screenshot(f\"Expected name is {self.name}\")\n>           pytest.fail()\nE           Failed\n\npages/personal_page.py:40: Failed",
    "steps" : [ {
      "name" : "Open https://opensource-demo.orangehrmlive.com/web/index.php/auth/login page",
      "time" : {
        "start" : 1713047973277,
        "stop" : 1713047975515,
        "duration" : 2238
      },
      "status" : "passed",
      "steps" : [ ],
      "attachments" : [ ],
      "parameters" : [ ],
      "attachmentsCount" : 0,
      "shouldDisplayMessage" : false,
      "stepsCount" : 0,
      "hasContent" : false
    }, {
      "name" : "Enter login",
      "time" : {
        "start" : 1713047975515,
        "stop" : 1713047976568,
        "duration" : 1053
      },
      "status" : "passed",
      "steps" : [ ],
      "attachments" : [ ],
      "parameters" : [ {
        "name" : "login",
        "value" : "'Admin'"
      } ],
      "attachmentsCount" : 0,
      "shouldDisplayMessage" : false,
      "stepsCount" : 0,
      "hasContent" : true
    }, {
      "name" : "Enter password",
      "time" : {
        "start" : 1713047976568,
        "stop" : 1713047976632,
        "duration" : 64
      },
      "status" : "passed",
      "steps" : [ ],
      "attachments" : [ ],
      "parameters" : [ {
        "name" : "password",
        "value" : "'admin123'"
      } ],
      "attachmentsCount" : 0,
      "shouldDisplayMessage" : false,
      "stepsCount" : 0,
      "hasContent" : true
    }, {
      "name" : "Click submit button",
      "time" : {
        "start" : 1713047976632,
        "stop" : 1713047976672,
        "duration" : 40
      },
      "status" : "passed",
      "steps" : [ ],
      "attachments" : [ ],
      "parameters" : [ ],
      "attachmentsCount" : 0,
      "shouldDisplayMessage" : false,
      "stepsCount" : 0,
      "hasContent" : false
    }, {
      "name" : "Page https://opensource-demo.orangehrmlive.com/web/index.php/dashboard/index is opened",
      "time" : {
        "start" : 1713047976672,
        "stop" : 1713047977704,
        "duration" : 1032
      },
      "status" : "passed",
      "steps" : [ ],
      "attachments" : [ ],
      "parameters" : [ ],
      "attachmentsCount" : 0,
      "shouldDisplayMessage" : false,
      "stepsCount" : 0,
      "hasContent" : false
    }, {
      "name" : "Click on 'My Info' link",
      "time" : {
        "start" : 1713047977704,
        "stop" : 1713047979500,
        "duration" : 1796
      },
      "status" : "passed",
      "steps" : [ ],
      "attachments" : [ ],
      "parameters" : [ ],
      "attachmentsCount" : 0,
      "shouldDisplayMessage" : false,
      "stepsCount" : 0,
      "hasContent" : false
    }, {
      "name" : "Page https://opensource-demo.orangehrmlive.com/web/index.php/pim/viewPersonalDetails/empNumber/7 is opened",
      "time" : {
        "start" : 1713047979500,
        "stop" : 1713047979502,
        "duration" : 2
      },
      "status" : "passed",
      "steps" : [ ],
      "attachments" : [ ],
      "parameters" : [ ],
      "attachmentsCount" : 0,
      "shouldDisplayMessage" : false,
      "stepsCount" : 0,
      "hasContent" : false
    }, {
      "name" : "Change name on 'First61Name'",
      "time" : {
        "start" : 1713047979502,
        "stop" : 1713047980581,
        "duration" : 1079
      },
      "status" : "passed",
      "steps" : [ ],
      "attachments" : [ ],
      "parameters" : [ ],
      "attachmentsCount" : 0,
      "shouldDisplayMessage" : false,
      "stepsCount" : 0,
      "hasContent" : false
    }, {
      "name" : "Save changes",
      "time" : {
        "start" : 1713047980581,
        "stop" : 1713047981155,
        "duration" : 574
      },
      "status" : "passed",
      "steps" : [ ],
      "attachments" : [ ],
      "parameters" : [ ],
      "attachmentsCount" : 0,
      "shouldDisplayMessage" : false,
      "stepsCount" : 0,
      "hasContent" : false
    }, {
      "name" : "Changes has been saved successfully",
      "time" : {
        "start" : 1713047981156,
        "stop" : 1713048005608,
        "duration" : 24452
      },
      "status" : "failed",
      "statusMessage" : "Failed\n",
      "statusTrace" : "  File \"/usr/local/lib/python3.12/site-packages/allure_commons/_allure.py\", line 192, in impl\n    return func(*a, **kw)\n           ^^^^^^^^^^^^^^\n  File \"/usr/workspace/pages/personal_page.py\", line 40, in is_changes_saved\n    pytest.fail()\n  File \"/usr/local/lib/python3.12/site-packages/_pytest/outcomes.py\", line 198, in fail\n    raise Failed(msg=reason, pytrace=pytrace)\n",
      "steps" : [ ],
      "attachments" : [ {
        "uid" : "9c5c7ed818af52e3",
        "name" : "Expected name is First61Name",
        "source" : "9c5c7ed818af52e3.png",
        "type" : "image/png",
        "size" : 159891
      } ],
      "parameters" : [ ],
      "attachmentsCount" : 1,
      "shouldDisplayMessage" : true,
      "stepsCount" : 0,
      "hasContent" : true
    } ],
    "attachments" : [ ],
    "parameters" : [ ],
    "attachmentsCount" : 1,
    "shouldDisplayMessage" : true,
    "stepsCount" : 10,
    "hasContent" : true
  },
  "afterStages" : [ {
    "name" : "driver::0",
    "time" : {
      "start" : 1713048005637,
      "stop" : 1713048005723,
      "duration" : 86
    },
    "status" : "passed",
    "steps" : [ ],
    "attachments" : [ ],
    "parameters" : [ ],
    "attachmentsCount" : 0,
    "shouldDisplayMessage" : false,
    "stepsCount" : 0,
    "hasContent" : false
  } ],
  "labels" : [ {
    "name" : "feature",
    "value" : "Profile Functionality"
  }, {
    "name" : "severity",
    "value" : "Critical"
  }, {
    "name" : "tag",
    "value" : "smoke"
  }, {
    "name" : "parentSuite",
    "value" : "tests"
  }, {
    "name" : "suite",
    "value" : "feature_profile_test"
  }, {
    "name" : "subSuite",
    "value" : "TestProfileFeature"
  }, {
    "name" : "host",
    "value" : "fd6c5d9a6584"
  }, {
    "name" : "thread",
    "value" : "1-MainThread"
  }, {
    "name" : "framework",
    "value" : "pytest"
  }, {
    "name" : "language",
    "value" : "cpython3"
  }, {
    "name" : "package",
    "value" : "tests.feature_profile_test"
  }, {
    "name" : "resultFormat",
    "value" : "allure2"
  } ],
  "parameters" : [ ],
  "links" : [ ],
  "hidden" : false,
  "retry" : false,
  "extra" : {
    "severity" : "critical",
    "retries" : [ ],
    "categories" : [ {
      "name" : "Product defects",
      "matchedStatuses" : [ ],
      "flaky" : false
    } ],
    "history" : {
      "statistic" : {
        "failed" : 2,
        "broken" : 6,
        "skipped" : 0,
        "passed" : 0,
        "unknown" : 0,
        "total" : 8
      },
      "items" : [ {
        "uid" : "e72b619251e356b8",
        "status" : "failed",
        "statusDetails" : "Failed",
        "time" : {
          "start" : 1713045704242,
          "stop" : 1713045735622,
          "duration" : 31380
        }
      }, {
        "uid" : "a8add7a22f9a4be1",
        "status" : "broken",
        "statusDetails" : "selenium.common.exceptions.TimeoutException: Message:",
        "time" : {
          "start" : 1713045356785,
          "stop" : 1713045390317,
          "duration" : 33532
        }
      }, {
        "uid" : "aafd2d55664c49f0",
        "status" : "broken",
        "statusDetails" : "selenium.common.exceptions.TimeoutException: Message:",
        "time" : {
          "start" : 1713044799334,
          "stop" : 1713044823077,
          "duration" : 23743
        }
      }, {
        "uid" : "711842726b213251",
        "status" : "broken",
        "statusDetails" : "selenium.common.exceptions.TimeoutException: Message:",
        "time" : {
          "start" : 1713044237947,
          "stop" : 1713044250752,
          "duration" : 12805
        }
      }, {
        "uid" : "b42dbadff9728c20",
        "status" : "broken",
        "statusDetails" : "selenium.common.exceptions.TimeoutException: Message:",
        "time" : {
          "start" : 1713043872129,
          "stop" : 1713043884918,
          "duration" : 12789
        }
      }, {
        "uid" : "c4d4fb56e0e6a0ce",
        "status" : "broken",
        "statusDetails" : "selenium.common.exceptions.TimeoutException: Message:",
        "time" : {
          "start" : 1713043237349,
          "stop" : 1713043249922,
          "duration" : 12573
        }
      }, {
        "uid" : "475519d9a476e391",
        "status" : "broken",
        "statusDetails" : "selenium.common.exceptions.WebDriverException: Message: 'chromedriver' executable needs to be in PATH. Please see https://chromedriver.chromium.org/home",
        "time" : {
          "start" : 1713042710577,
          "stop" : 1713042710577,
          "duration" : 0
        }
      } ]
    },
    "tags" : [ "smoke" ]
  },
  "source" : "f5136bcb126a60ab.json",
  "parameterValues" : [ ]
}